::1 [2019-07-08T15:28:03+03:00] PUT [/users/245] HTTP/1.1 [500] 61 - 67.186 ms [PostmanRuntime/7.15.2]
::1 [2019-07-08T15:28:12+03:00] PUT [/users/245] HTTP/1.1 [500] 61 - 19.496 ms [PostmanRuntime/7.15.2]
::1 [2019-07-08T15:28:36+03:00] DELETE [/users/245] HTTP/1.1 [404] 30 - 2.253 ms [PostmanRuntime/7.15.2]
::1 [2019-07-08T15:42:06+03:00] GET [/posts/1/comments/asd] HTTP/1.1 [404] 30 - 14.880 ms [PostmanRuntime/7.15.2]
::1 [2019-07-08T15:42:58+03:00] PUT [/users/203] HTTP/1.1 [404] 30 - 21.959 ms [PostmanRuntime/7.15.2]
::1 [2019-07-08T15:43:50+03:00] PUT [/users/203] HTTP/1.1 [404] 30 - 3.357 ms [PostmanRuntime/7.15.2]
::1 [2019-07-08T15:43:55+03:00] PUT [/users/204] HTTP/1.1 [500] 61 - 82.663 ms [PostmanRuntime/7.15.2]
::1 [2019-07-08T15:46:27+03:00] POST [/posts] HTTP/1.1 [400] 28 - 157.339 ms [PostmanRuntime/7.15.2]
::1 [2019-07-08T16:47:37+03:00] DELETE [/users/1] HTTP/1.1 [404] 30 - 2.031 ms [PostmanRuntime/7.15.2]
::1 [2019-07-08T16:48:18+03:00] POST [/posts/4] HTTP/1.1 [500] 61 - 67.530 ms [PostmanRuntime/7.15.2]
::1 [2019-07-08T16:50:17+03:00] POST [/posts/4] HTTP/1.1 [404] 30 - 179.045 ms [PostmanRuntime/7.15.2]
::1 [2019-07-08T16:51:12+03:00] POST [/posts/4] HTTP/1.1 [404] 30 - 173.599 ms [PostmanRuntime/7.15.2]
::1 [2019-07-08T16:51:32+03:00] POST [/posts/2] HTTP/1.1 [400] 28 - 9.605 ms [PostmanRuntime/7.15.2]
::1 [2019-07-08T16:52:14+03:00] DELETE [/posts/2] HTTP/1.1 [404] 30 - 5.302 ms [PostmanRuntime/7.15.2]
::1 [2019-07-08T16:52:29+03:00] GET [/posts/1/comments/1] HTTP/1.1 [404] 30 - 3.335 ms [PostmanRuntime/7.15.2]
::1 [2019-07-08T17:08:58+03:00] POST [/posts/1/comments/123/222] HTTP/1.1 [404] 30 - 178.801 ms [PostmanRuntime/7.15.2]
::1 [2019-07-08T17:09:03+03:00] POST [/posts/1/comments/1/222] HTTP/1.1 [404] 30 - 4.032 ms [PostmanRuntime/7.15.2]
::1 [2019-07-08T17:09:13+03:00] POST [/posts/1/comments/2/222] HTTP/1.1 [404] 30 - 14.623 ms [PostmanRuntime/7.15.2]
::1 [2019-07-08T17:12:12+03:00] DELETE [/users/2] HTTP/1.1 [500] 61 - 78.225 ms [PostmanRuntime/7.15.2]
::1 [2019-07-08T17:12:25+03:00] DELETE [/posts/7/comments/2] HTTP/1.1 [404] 30 - 3.531 ms [PostmanRuntime/7.15.2]
::1 [2019-07-08T17:16:15+03:00] DELETE [/comments/2] HTTP/1.1 [404] 30 - 177.807 ms [PostmanRuntime/7.15.2]
::1 [2019-07-09T09:50:55+03:00] GET [/posts/1/1] HTTP/1.1 [404] 148 - 2.581 ms [PostmanRuntime/7.15.2]
::1 [2019-07-09T09:51:02+03:00] POST [/posts/1/1] HTTP/1.1 [500] 61 - 112.236 ms [PostmanRuntime/7.15.2]
::1 [2019-07-09T09:52:34+03:00] POST [/posts/1/1] HTTP/1.1 [500] 61 - 269.298 ms [PostmanRuntime/7.15.2]
::1 [2019-07-09T09:55:14+03:00] POST [/posts/1/1] HTTP/1.1 [500] 61 - 308.185 ms [PostmanRuntime/7.15.2]
::1 [2019-07-09T10:01:51+03:00] POST [/posts/1/1] HTTP/1.1 [500] 61 - 273.398 ms [PostmanRuntime/7.15.2]
::1 [2019-07-09T10:05:18+03:00] POST [/posts/1/1] HTTP/1.1 [500] 61 - 256.805 ms [PostmanRuntime/7.15.2]
