::1 [2019-07-08T15:26:03+03:00] GET [/users] HTTP/1.1 [PostmanRuntime/7.15.2]
::1 [2019-07-08T15:26:03+03:00] GET [/users] HTTP/1.1 [200] 56 - 15.563 ms [PostmanRuntime/7.15.2]
::1 [2019-07-08T15:27:31+03:00] GET [/users] HTTP/1.1 [PostmanRuntime/7.15.2]
::1 [2019-07-08T15:27:31+03:00] GET [/users] HTTP/1.1 [200] 1019 - 11.828 ms [PostmanRuntime/7.15.2]
::1 [2019-07-08T15:27:35+03:00] GET [/users/203] HTTP/1.1 [PostmanRuntime/7.15.2]
::1 [2019-07-08T15:27:35+03:00] GET [/users/203] HTTP/1.1 [200] 32 - 14.404 ms [PostmanRuntime/7.15.2]
::1 [2019-07-08T15:27:41+03:00] POST [/users/] HTTP/1.1 [PostmanRuntime/7.15.2]
::1 [2019-07-08T15:27:41+03:00] POST [/users/] HTTP/1.1 [201] 31 - 14.940 ms [PostmanRuntime/7.15.2]
::1 [2019-07-08T15:28:03+03:00] PUT [/users/245] HTTP/1.1 [PostmanRuntime/7.15.2]
::1 [2019-07-08T15:28:12+03:00] PUT [/users/245] HTTP/1.1 [PostmanRuntime/7.15.2]
::1 [2019-07-08T15:28:19+03:00] PUT [/users/245] HTTP/1.1 [PostmanRuntime/7.15.2]
::1 [2019-07-08T15:28:19+03:00] PUT [/users/245] HTTP/1.1 [200] 25 - 5.405 ms [PostmanRuntime/7.15.2]
::1 [2019-07-08T15:28:35+03:00] DELETE [/users/245] HTTP/1.1 [PostmanRuntime/7.15.2]
::1 [2019-07-08T15:28:35+03:00] DELETE [/users/245] HTTP/1.1 [204] - - 8.361 ms [PostmanRuntime/7.15.2]
::1 [2019-07-08T15:28:36+03:00] DELETE [/users/245] HTTP/1.1 [PostmanRuntime/7.15.2]
::1 [2019-07-08T15:42:06+03:00] GET [/posts/1/comments/asd] HTTP/1.1 [PostmanRuntime/7.15.2]
::1 [2019-07-08T15:42:33+03:00] PUT [/users/203] HTTP/1.1 [PostmanRuntime/7.15.2]
::1 [2019-07-08T15:42:33+03:00] PUT [/users/203] HTTP/1.1 [200] 25 - 54.125 ms [PostmanRuntime/7.15.2]
::1 [2019-07-08T15:42:44+03:00] GET [/users] HTTP/1.1 [PostmanRuntime/7.15.2]
::1 [2019-07-08T15:42:44+03:00] GET [/users] HTTP/1.1 [200] 1012 - 4.378 ms [PostmanRuntime/7.15.2]
::1 [2019-07-08T15:42:58+03:00] PUT [/users/203] HTTP/1.1 [PostmanRuntime/7.15.2]
::1 [2019-07-08T15:43:35+03:00] GET [/users] HTTP/1.1 [PostmanRuntime/7.15.2]
::1 [2019-07-08T15:43:35+03:00] GET [/users] HTTP/1.1 [200] 1020 - 2.611 ms [PostmanRuntime/7.15.2]
::1 [2019-07-08T15:43:50+03:00] PUT [/users/203] HTTP/1.1 [PostmanRuntime/7.15.2]
::1 [2019-07-08T15:43:54+03:00] PUT [/users/204] HTTP/1.1 [PostmanRuntime/7.15.2]
::1 [2019-07-08T15:46:27+03:00] POST [/posts] HTTP/1.1 [PostmanRuntime/7.15.2]
::1 [2019-07-08T16:46:52+03:00] GET [/users] HTTP/1.1 [PostmanRuntime/7.15.2]
::1 [2019-07-08T16:46:52+03:00] GET [/users] HTTP/1.1 [200] 2 - 10.988 ms [PostmanRuntime/7.15.2]
::1 [2019-07-08T16:47:06+03:00] POST [/users/] HTTP/1.1 [PostmanRuntime/7.15.2]
::1 [2019-07-08T16:47:06+03:00] POST [/users/] HTTP/1.1 [201] 29 - 16.509 ms [PostmanRuntime/7.15.2]
::1 [2019-07-08T16:47:09+03:00] GET [/users] HTTP/1.1 [PostmanRuntime/7.15.2]
::1 [2019-07-08T16:47:09+03:00] GET [/users] HTTP/1.1 [200] 31 - 3.552 ms [PostmanRuntime/7.15.2]
::1 [2019-07-08T16:47:15+03:00] GET [/users/1] HTTP/1.1 [PostmanRuntime/7.15.2]
::1 [2019-07-08T16:47:15+03:00] GET [/users/1] HTTP/1.1 [200] 29 - 273.826 ms [PostmanRuntime/7.15.2]
::1 [2019-07-08T16:47:30+03:00] PUT [/users/1] HTTP/1.1 [PostmanRuntime/7.15.2]
::1 [2019-07-08T16:47:30+03:00] PUT [/users/1] HTTP/1.1 [200] 26 - 9.629 ms [PostmanRuntime/7.15.2]
::1 [2019-07-08T16:47:35+03:00] DELETE [/users/1] HTTP/1.1 [PostmanRuntime/7.15.2]
::1 [2019-07-08T16:47:35+03:00] DELETE [/users/1] HTTP/1.1 [204] - - 12.583 ms [PostmanRuntime/7.15.2]
::1 [2019-07-08T16:47:37+03:00] DELETE [/users/1] HTTP/1.1 [PostmanRuntime/7.15.2]
::1 [2019-07-08T16:47:41+03:00] POST [/users/] HTTP/1.1 [PostmanRuntime/7.15.2]
::1 [2019-07-08T16:47:41+03:00] POST [/users/] HTTP/1.1 [201] 29 - 17.326 ms [PostmanRuntime/7.15.2]
::1 [2019-07-08T16:47:55+03:00] GET [/posts] HTTP/1.1 [PostmanRuntime/7.15.2]
::1 [2019-07-08T16:47:55+03:00] GET [/posts] HTTP/1.1 [200] 2 - 3.652 ms [PostmanRuntime/7.15.2]
::1 [2019-07-08T16:48:18+03:00] POST [/posts/4] HTTP/1.1 [PostmanRuntime/7.15.2]
::1 [2019-07-08T16:50:17+03:00] POST [/posts/4] HTTP/1.1 [PostmanRuntime/7.15.2]
::1 [2019-07-08T16:51:12+03:00] POST [/posts/4] HTTP/1.1 [PostmanRuntime/7.15.2]
::1 [2019-07-08T16:51:23+03:00] POST [/posts/2] HTTP/1.1 [PostmanRuntime/7.15.2]
::1 [2019-07-08T16:51:23+03:00] POST [/posts/2] HTTP/1.1 [201] 124 - 23.364 ms [PostmanRuntime/7.15.2]
::1 [2019-07-08T16:51:32+03:00] POST [/posts/2] HTTP/1.1 [PostmanRuntime/7.15.2]
::1 [2019-07-08T16:51:43+03:00] POST [/posts/2] HTTP/1.1 [PostmanRuntime/7.15.2]
::1 [2019-07-08T16:51:43+03:00] POST [/posts/2] HTTP/1.1 [201] 111 - 19.224 ms [PostmanRuntime/7.15.2]
::1 [2019-07-08T16:51:47+03:00] GET [/posts] HTTP/1.1 [PostmanRuntime/7.15.2]
::1 [2019-07-08T16:51:47+03:00] GET [/posts] HTTP/1.1 [200] 164 - 3.962 ms [PostmanRuntime/7.15.2]
::1 [2019-07-08T16:52:05+03:00] PUT [/posts/2] HTTP/1.1 [PostmanRuntime/7.15.2]
::1 [2019-07-08T16:52:05+03:00] PUT [/posts/2] HTTP/1.1 [200] 80 - 74.985 ms [PostmanRuntime/7.15.2]
::1 [2019-07-08T16:52:12+03:00] DELETE [/posts/2] HTTP/1.1 [PostmanRuntime/7.15.2]
::1 [2019-07-08T16:52:12+03:00] DELETE [/posts/2] HTTP/1.1 [204] - - 14.816 ms [PostmanRuntime/7.15.2]
::1 [2019-07-08T16:52:14+03:00] DELETE [/posts/2] HTTP/1.1 [PostmanRuntime/7.15.2]
::1 [2019-07-08T16:52:27+03:00] GET [/posts/1/comments] HTTP/1.1 [PostmanRuntime/7.15.2]
::1 [2019-07-08T16:52:27+03:00] GET [/posts/1/comments] HTTP/1.1 [200] 2 - 17.070 ms [PostmanRuntime/7.15.2]
::1 [2019-07-08T16:52:29+03:00] GET [/posts/1/comments/1] HTTP/1.1 [PostmanRuntime/7.15.2]
::1 [2019-07-08T16:56:47+03:00] POST [/posts/1/comments/123] HTTP/1.1 [PostmanRuntime/7.15.2]
::1 [2019-07-08T16:58:47+03:00] POST [/posts/1/comments/123] HTTP/1.1 [-] - - - ms [PostmanRuntime/7.15.2]
::1 [2019-07-08T17:04:12+03:00] POST [/posts/1/comments/123/222] HTTP/1.1 [PostmanRuntime/7.15.2]
::1 [2019-07-08T17:08:58+03:00] POST [/posts/1/comments/123/222] HTTP/1.1 [PostmanRuntime/7.15.2]
::1 [2019-07-08T17:09:03+03:00] POST [/posts/1/comments/1/222] HTTP/1.1 [PostmanRuntime/7.15.2]
::1 [2019-07-08T17:09:08+03:00] GET [/users] HTTP/1.1 [PostmanRuntime/7.15.2]
::1 [2019-07-08T17:09:08+03:00] GET [/users] HTTP/1.1 [200] 31 - 6.849 ms [PostmanRuntime/7.15.2]
::1 [2019-07-08T17:09:13+03:00] POST [/posts/1/comments/2/222] HTTP/1.1 [PostmanRuntime/7.15.2]
::1 [2019-07-08T17:09:19+03:00] GET [/posts/1/comments] HTTP/1.1 [PostmanRuntime/7.15.2]
::1 [2019-07-08T17:09:19+03:00] GET [/posts/1/comments] HTTP/1.1 [200] 2 - 4.898 ms [PostmanRuntime/7.15.2]
::1 [2019-07-08T17:09:23+03:00] GET [/posts] HTTP/1.1 [PostmanRuntime/7.15.2]
::1 [2019-07-08T17:09:23+03:00] GET [/posts] HTTP/1.1 [200] 89 - 9.217 ms [PostmanRuntime/7.15.2]
::1 [2019-07-08T17:09:32+03:00] POST [/posts/1/comments/2/1] HTTP/1.1 [PostmanRuntime/7.15.2]
::1 [2019-07-08T17:11:14+03:00] POST [/posts/1/comments/2/1] HTTP/1.1 [PostmanRuntime/7.15.2]
::1 [2019-07-08T17:11:14+03:00] POST [/posts/1/comments/2/1] HTTP/1.1 [201] 188 - 175.373 ms [PostmanRuntime/7.15.2]
::1 [2019-07-08T17:11:21+03:00] GET [/posts/1/comments] HTTP/1.1 [PostmanRuntime/7.15.2]
::1 [2019-07-08T17:11:21+03:00] GET [/posts/1/comments] HTTP/1.1 [200] 114 - 7.921 ms [PostmanRuntime/7.15.2]
::1 [2019-07-08T17:11:28+03:00] GET [/posts/1/comments/1] HTTP/1.1 [PostmanRuntime/7.15.2]
::1 [2019-07-08T17:11:28+03:00] GET [/posts/1/comments/1] HTTP/1.1 [200] 55 - 6.144 ms [PostmanRuntime/7.15.2]
::1 [2019-07-08T17:11:30+03:00] GET [/posts/1/comments/2] HTTP/1.1 [PostmanRuntime/7.15.2]
::1 [2019-07-08T17:11:30+03:00] GET [/posts/1/comments/2] HTTP/1.1 [200] 56 - 20.591 ms [PostmanRuntime/7.15.2]
::1 [2019-07-08T17:11:40+03:00] PUT [/posts/4/comments/1] HTTP/1.1 [PostmanRuntime/7.15.2]
::1 [2019-07-08T17:11:40+03:00] PUT [/posts/4/comments/1] HTTP/1.1 [200] 58 - 8.428 ms [PostmanRuntime/7.15.2]
::1 [2019-07-08T17:11:55+03:00] GET [/posts/1/comments] HTTP/1.1 [PostmanRuntime/7.15.2]
::1 [2019-07-08T17:11:55+03:00] GET [/posts/1/comments] HTTP/1.1 [200] 117 - 3.604 ms [PostmanRuntime/7.15.2]
::1 [2019-07-08T17:12:08+03:00] GET [/users] HTTP/1.1 [PostmanRuntime/7.15.2]
::1 [2019-07-08T17:12:08+03:00] GET [/users] HTTP/1.1 [200] 31 - 6.482 ms [PostmanRuntime/7.15.2]
::1 [2019-07-08T17:12:12+03:00] DELETE [/users/2] HTTP/1.1 [PostmanRuntime/7.15.2]
::1 [2019-07-08T17:12:23+03:00] DELETE [/posts/7/comments/2] HTTP/1.1 [PostmanRuntime/7.15.2]
::1 [2019-07-08T17:12:23+03:00] DELETE [/posts/7/comments/2] HTTP/1.1 [204] - - 3.074 ms [PostmanRuntime/7.15.2]
::1 [2019-07-08T17:12:25+03:00] DELETE [/posts/7/comments/2] HTTP/1.1 [PostmanRuntime/7.15.2]
::1 [2019-07-08T17:16:15+03:00] DELETE [/comments/2] HTTP/1.1 [PostmanRuntime/7.15.2]
::1 [2019-07-08T17:16:33+03:00] PUT [/comments/1] HTTP/1.1 [PostmanRuntime/7.15.2]
::1 [2019-07-08T17:16:33+03:00] PUT [/comments/1] HTTP/1.1 [200] 58 - 16.431 ms [PostmanRuntime/7.15.2]
::1 [2019-07-08T17:17:02+03:00] GET [/comments/1] HTTP/1.1 [PostmanRuntime/7.15.2]
::1 [2019-07-08T17:17:02+03:00] GET [/comments/1] HTTP/1.1 [200] 58 - 6.137 ms [PostmanRuntime/7.15.2]
::1 [2019-07-08T17:17:11+03:00] GET [/comments] HTTP/1.1 [PostmanRuntime/7.15.2]
::1 [2019-07-08T17:17:11+03:00] GET [/comments] HTTP/1.1 [200] 60 - 8.152 ms [PostmanRuntime/7.15.2]
::1 [2019-07-09T09:48:44+03:00] POST [/users/] HTTP/1.1 [PostmanRuntime/7.15.2]
::1 [2019-07-09T09:48:44+03:00] POST [/users/] HTTP/1.1 [201] 29 - 20.173 ms [PostmanRuntime/7.15.2]
::1 [2019-07-09T09:49:10+03:00] GET [/users] HTTP/1.1 [PostmanRuntime/7.15.2]
::1 [2019-07-09T09:49:10+03:00] GET [/users] HTTP/1.1 [200] 31 - 12.677 ms [PostmanRuntime/7.15.2]
::1 [2019-07-09T09:49:19+03:00] GET [/users/1] HTTP/1.1 [PostmanRuntime/7.15.2]
::1 [2019-07-09T09:49:19+03:00] GET [/users/1] HTTP/1.1 [200] 29 - 195.767 ms [PostmanRuntime/7.15.2]
::1 [2019-07-09T09:49:36+03:00] POST [/posts/1] HTTP/1.1 [PostmanRuntime/7.15.2]
::1 [2019-07-09T09:49:36+03:00] POST [/posts/1] HTTP/1.1 [201] 114 - 22.142 ms [PostmanRuntime/7.15.2]
::1 [2019-07-09T09:49:41+03:00] GET [/posts] HTTP/1.1 [PostmanRuntime/7.15.2]
::1 [2019-07-09T09:49:41+03:00] GET [/posts] HTTP/1.1 [200] 79 - 4.571 ms [PostmanRuntime/7.15.2]
::1 [2019-07-09T09:50:55+03:00] GET [/posts/1/1] HTTP/1.1 [PostmanRuntime/7.15.2]
::1 [2019-07-09T09:51:02+03:00] POST [/posts/1/1] HTTP/1.1 [PostmanRuntime/7.15.2]
::1 [2019-07-09T09:52:33+03:00] POST [/posts/1/1] HTTP/1.1 [PostmanRuntime/7.15.2]
::1 [2019-07-09T09:55:13+03:00] POST [/posts/1/1] HTTP/1.1 [PostmanRuntime/7.15.2]
::1 [2019-07-09T10:01:51+03:00] POST [/posts/1/1] HTTP/1.1 [PostmanRuntime/7.15.2]
::1 [2019-07-09T10:05:17+03:00] POST [/posts/1/1] HTTP/1.1 [PostmanRuntime/7.15.2]
::1 [2019-07-09T11:17:35+03:00] POST [/posts/1/1] HTTP/1.1 [PostmanRuntime/7.15.2]
::1 [2019-07-09T11:17:35+03:00] POST [/posts/1/1] HTTP/1.1 [200] 160 - 188.227 ms [PostmanRuntime/7.15.2]
